[22-Jun-2025 19:08:26 UTC] PHP Warning:  file_put_contents(C:\Users\ANYA-PC\Local Sites\zavihrit\app\public/wp-content/litespeed/qc_curr_requestb73c728fe58b5493f98062cb5c10f14f): Failed to open stream: No such file or directory in C:\Users\ANYA-PC\Local Sites\zavihrit\app\public\wp-content\plugins\litespeed-cache\src\cloud.cls.php on line 1370
[22-Jun-2025 19:08:26 UTC] PHP Stack trace:
[22-Jun-2025 19:08:26 UTC] PHP   1. {main}() C:\Users\ANYA-PC\Local Sites\zavihrit\app\public\wp-admin\plugins.php:0
[22-Jun-2025 19:08:26 UTC] PHP   2. activate_plugin($plugin = 'litespeed-cache/litespeed-cache.php', $redirect = 'http://zavihrit.local/wp-admin/plugins.php?error=true&plugin=litespeed-cache%2Flitespeed-cache.php', $network_wide = FALSE, $silent = *uninitialized*) C:\Users\ANYA-PC\Local Sites\zavihrit\app\public\wp-admin\plugins.php:60
[22-Jun-2025 19:08:26 UTC] PHP   3. plugin_sandbox_scrape($plugin = 'litespeed-cache/litespeed-cache.php') C:\Users\ANYA-PC\Local Sites\zavihrit\app\public\wp-admin\includes\plugin.php:673
[22-Jun-2025 19:08:26 UTC] PHP   4. include_once() C:\Users\ANYA-PC\Local Sites\zavihrit\app\public\wp-admin\includes\plugin.php:2387
[22-Jun-2025 19:08:26 UTC] PHP   5. run_litespeed_cache() C:\Users\ANYA-PC\Local Sites\zavihrit\app\public\wp-content\plugins\litespeed-cache\litespeed-cache.php:187
[22-Jun-2025 19:08:26 UTC] PHP   6. LiteSpeed\Root::cls($cls = *uninitialized*, $unset = *uninitialized*, $data = *uninitialized*) C:\Users\ANYA-PC\Local Sites\zavihrit\app\public\wp-content\plugins\litespeed-cache\litespeed-cache.php:184
[22-Jun-2025 19:08:26 UTC] PHP   7. LiteSpeed\Core->__construct(FALSE) C:\Users\ANYA-PC\Local Sites\zavihrit\app\public\wp-content\plugins\litespeed-cache\src\root.cls.php:220
[22-Jun-2025 19:08:26 UTC] PHP   8. LiteSpeed\Conf->init() C:\Users\ANYA-PC\Local Sites\zavihrit\app\public\wp-content\plugins\litespeed-cache\src\core.cls.php:49
[22-Jun-2025 19:08:26 UTC] PHP   9. LiteSpeed\Conf->_conf_db_init() C:\Users\ANYA-PC\Local Sites\zavihrit\app\public\wp-content\plugins\litespeed-cache\src\conf.cls.php:35
[22-Jun-2025 19:08:26 UTC] PHP  10. LiteSpeed\Cloud::version_check($src = 'new activate') C:\Users\ANYA-PC\Local Sites\zavihrit\app\public\wp-content\plugins\litespeed-cache\src\conf.cls.php:118
[22-Jun-2025 19:08:26 UTC] PHP  11. LiteSpeed\Cloud::post($service = 'ver_check', $data = ['v' => '', 'src' => 'new activate', 'php' => '8.2.27'], $time_out = *uninitialized*) C:\Users\ANYA-PC\Local Sites\zavihrit\app\public\wp-content\plugins\litespeed-cache\src\cloud.cls.php:761
[22-Jun-2025 19:08:26 UTC] PHP  12. LiteSpeed\Cloud->_post($service = 'ver_check', $data = ['v' => '', 'src' => 'new activate', 'php' => '8.2.27'], $time_out = FALSE) C:\Users\ANYA-PC\Local Sites\zavihrit\app\public\wp-content\plugins\litespeed-cache\src\cloud.cls.php:1317
[22-Jun-2025 19:08:26 UTC] PHP  13. file_put_contents($filename = 'C:\\Users\\ANYA-PC\\Local Sites\\zavihrit\\app\\public/wp-content/litespeed/qc_curr_requestb73c728fe58b5493f98062cb5c10f14f', $data = 1750619306) C:\Users\ANYA-PC\Local Sites\zavihrit\app\public\wp-content\plugins\litespeed-cache\src\cloud.cls.php:1370
[22-Jun-2025 19:08:26 UTC] PHP Warning:  file_put_contents(C:\Users\ANYA-PC\Local Sites\zavihrit\app\public/wp-content/litespeed/qc_last_requestb73c728fe58b5493f98062cb5c10f14f): Failed to open stream: No such file or directory in C:\Users\ANYA-PC\Local Sites\zavihrit\app\public\wp-content\plugins\litespeed-cache\src\cloud.cls.php on line 1506
[22-Jun-2025 19:08:26 UTC] PHP Stack trace:
[22-Jun-2025 19:08:26 UTC] PHP   1. {main}() C:\Users\ANYA-PC\Local Sites\zavihrit\app\public\wp-admin\plugins.php:0
[22-Jun-2025 19:08:26 UTC] PHP   2. activate_plugin($plugin = 'litespeed-cache/litespeed-cache.php', $redirect = 'http://zavihrit.local/wp-admin/plugins.php?error=true&plugin=litespeed-cache%2Flitespeed-cache.php', $network_wide = FALSE, $silent = *uninitialized*) C:\Users\ANYA-PC\Local Sites\zavihrit\app\public\wp-admin\plugins.php:60
[22-Jun-2025 19:08:26 UTC] PHP   3. plugin_sandbox_scrape($plugin = 'litespeed-cache/litespeed-cache.php') C:\Users\ANYA-PC\Local Sites\zavihrit\app\public\wp-admin\includes\plugin.php:673
[22-Jun-2025 19:08:26 UTC] PHP   4. include_once() C:\Users\ANYA-PC\Local Sites\zavihrit\app\public\wp-admin\includes\plugin.php:2387
[22-Jun-2025 19:08:26 UTC] PHP   5. run_litespeed_cache() C:\Users\ANYA-PC\Local Sites\zavihrit\app\public\wp-content\plugins\litespeed-cache\litespeed-cache.php:187
[22-Jun-2025 19:08:26 UTC] PHP   6. LiteSpeed\Root::cls($cls = *uninitialized*, $unset = *uninitialized*, $data = *uninitialized*) C:\Users\ANYA-PC\Local Sites\zavihrit\app\public\wp-content\plugins\litespeed-cache\litespeed-cache.php:184
[22-Jun-2025 19:08:26 UTC] PHP   7. LiteSpeed\Core->__construct(FALSE) C:\Users\ANYA-PC\Local Sites\zavihrit\app\public\wp-content\plugins\litespeed-cache\src\root.cls.php:220
[22-Jun-2025 19:08:26 UTC] PHP   8. LiteSpeed\Conf->init() C:\Users\ANYA-PC\Local Sites\zavihrit\app\public\wp-content\plugins\litespeed-cache\src\core.cls.php:49
[22-Jun-2025 19:08:26 UTC] PHP   9. LiteSpeed\Conf->_conf_db_init() C:\Users\ANYA-PC\Local Sites\zavihrit\app\public\wp-content\plugins\litespeed-cache\src\conf.cls.php:35
[22-Jun-2025 19:08:26 UTC] PHP  10. LiteSpeed\Cloud::version_check($src = 'new activate') C:\Users\ANYA-PC\Local Sites\zavihrit\app\public\wp-content\plugins\litespeed-cache\src\conf.cls.php:118
[22-Jun-2025 19:08:26 UTC] PHP  11. LiteSpeed\Cloud::post($service = 'ver_check', $data = ['v' => '', 'src' => 'new activate', 'php' => '8.2.27'], $time_out = *uninitialized*) C:\Users\ANYA-PC\Local Sites\zavihrit\app\public\wp-content\plugins\litespeed-cache\src\cloud.cls.php:761
[22-Jun-2025 19:08:26 UTC] PHP  12. LiteSpeed\Cloud->_post($service = 'ver_check', $data = ['v' => '', 'src' => 'new activate', 'php' => '8.2.27'], $time_out = FALSE) C:\Users\ANYA-PC\Local Sites\zavihrit\app\public\wp-content\plugins\litespeed-cache\src\cloud.cls.php:1317
[22-Jun-2025 19:08:26 UTC] PHP  13. LiteSpeed\Cloud->_parse_response($response = ['headers' => class WpOrg\Requests\Utility\CaseInsensitiveDictionary { protected $data = [...] }, 'body' => '{"_res":"ok","dev":"7.2","latest":"7.2"}\n', 'response' => ['code' => 200, 'message' => 'OK'], 'cookies' => [], 'filename' => NULL, 'http_response' => class WP_HTTP_Requests_Response { public $data = NULL; public $headers = NULL; public $status = NULL; protected $response = class WpOrg\Requests\Response { ... }; protected $filename = NULL }], $service = 'ver_check', $service_tag = 'ver_check', $server = 'https://wpapi.quic.cloud') C:\Users\ANYA-PC\Local Sites\zavihrit\app\public\wp-content\plugins\litespeed-cache\src\cloud.cls.php:1381
[22-Jun-2025 19:08:26 UTC] PHP  14. file_put_contents($filename = 'C:\\Users\\ANYA-PC\\Local Sites\\zavihrit\\app\\public/wp-content/litespeed/qc_last_requestb73c728fe58b5493f98062cb5c10f14f', $data = 1750619306) C:\Users\ANYA-PC\Local Sites\zavihrit\app\public\wp-content\plugins\litespeed-cache\src\cloud.cls.php:1506
[22-Jun-2025 19:08:26 UTC] PHP Warning:  file_put_contents(C:\Users\ANYA-PC\Local Sites\zavihrit\app\public/wp-content/litespeed/qc_curr_requestb73c728fe58b5493f98062cb5c10f14f): Failed to open stream: No such file or directory in C:\Users\ANYA-PC\Local Sites\zavihrit\app\public\wp-content\plugins\litespeed-cache\src\cloud.cls.php on line 1507
[22-Jun-2025 19:08:26 UTC] PHP Stack trace:
[22-Jun-2025 19:08:26 UTC] PHP   1. {main}() C:\Users\ANYA-PC\Local Sites\zavihrit\app\public\wp-admin\plugins.php:0
[22-Jun-2025 19:08:26 UTC] PHP   2. activate_plugin($plugin = 'litespeed-cache/litespeed-cache.php', $redirect = 'http://zavihrit.local/wp-admin/plugins.php?error=true&plugin=litespeed-cache%2Flitespeed-cache.php', $network_wide = FALSE, $silent = *uninitialized*) C:\Users\ANYA-PC\Local Sites\zavihrit\app\public\wp-admin\plugins.php:60
[22-Jun-2025 19:08:26 UTC] PHP   3. plugin_sandbox_scrape($plugin = 'litespeed-cache/litespeed-cache.php') C:\Users\ANYA-PC\Local Sites\zavihrit\app\public\wp-admin\includes\plugin.php:673
[22-Jun-2025 19:08:26 UTC] PHP   4. include_once() C:\Users\ANYA-PC\Local Sites\zavihrit\app\public\wp-admin\includes\plugin.php:2387
[22-Jun-2025 19:08:26 UTC] PHP   5. run_litespeed_cache() C:\Users\ANYA-PC\Local Sites\zavihrit\app\public\wp-content\plugins\litespeed-cache\litespeed-cache.php:187
[22-Jun-2025 19:08:26 UTC] PHP   6. LiteSpeed\Root::cls($cls = *uninitialized*, $unset = *uninitialized*, $data = *uninitialized*) C:\Users\ANYA-PC\Local Sites\zavihrit\app\public\wp-content\plugins\litespeed-cache\litespeed-cache.php:184
[22-Jun-2025 19:08:26 UTC] PHP   7. LiteSpeed\Core->__construct(FALSE) C:\Users\ANYA-PC\Local Sites\zavihrit\app\public\wp-content\plugins\litespeed-cache\src\root.cls.php:220
[22-Jun-2025 19:08:26 UTC] PHP   8. LiteSpeed\Conf->init() C:\Users\ANYA-PC\Local Sites\zavihrit\app\public\wp-content\plugins\litespeed-cache\src\core.cls.php:49
[22-Jun-2025 19:08:26 UTC] PHP   9. LiteSpeed\Conf->_conf_db_init() C:\Users\ANYA-PC\Local Sites\zavihrit\app\public\wp-content\plugins\litespeed-cache\src\conf.cls.php:35
[22-Jun-2025 19:08:26 UTC] PHP  10. LiteSpeed\Cloud::version_check($src = 'new activate') C:\Users\ANYA-PC\Local Sites\zavihrit\app\public\wp-content\plugins\litespeed-cache\src\conf.cls.php:118
[22-Jun-2025 19:08:26 UTC] PHP  11. LiteSpeed\Cloud::post($service = 'ver_check', $data = ['v' => '', 'src' => 'new activate', 'php' => '8.2.27'], $time_out = *uninitialized*) C:\Users\ANYA-PC\Local Sites\zavihrit\app\public\wp-content\plugins\litespeed-cache\src\cloud.cls.php:761
[22-Jun-2025 19:08:26 UTC] PHP  12. LiteSpeed\Cloud->_post($service = 'ver_check', $data = ['v' => '', 'src' => 'new activate', 'php' => '8.2.27'], $time_out = FALSE) C:\Users\ANYA-PC\Local Sites\zavihrit\app\public\wp-content\plugins\litespeed-cache\src\cloud.cls.php:1317
[22-Jun-2025 19:08:26 UTC] PHP  13. LiteSpeed\Cloud->_parse_response($response = ['headers' => class WpOrg\Requests\Utility\CaseInsensitiveDictionary { protected $data = [...] }, 'body' => '{"_res":"ok","dev":"7.2","latest":"7.2"}\n', 'response' => ['code' => 200, 'message' => 'OK'], 'cookies' => [], 'filename' => NULL, 'http_response' => class WP_HTTP_Requests_Response { public $data = NULL; public $headers = NULL; public $status = NULL; protected $response = class WpOrg\Requests\Response { ... }; protected $filename = NULL }], $service = 'ver_check', $service_tag = 'ver_check', $server = 'https://wpapi.quic.cloud') C:\Users\ANYA-PC\Local Sites\zavihrit\app\public\wp-content\plugins\litespeed-cache\src\cloud.cls.php:1381
[22-Jun-2025 19:08:26 UTC] PHP  14. file_put_contents($filename = 'C:\\Users\\ANYA-PC\\Local Sites\\zavihrit\\app\\public/wp-content/litespeed/qc_curr_requestb73c728fe58b5493f98062cb5c10f14f', $data = 0) C:\Users\ANYA-PC\Local Sites\zavihrit\app\public\wp-content\plugins\litespeed-cache\src\cloud.cls.php:1507
[22-Jun-2025 19:08:29 UTC] PHP Warning:  file_put_contents(C:\Users\ANYA-PC\Local Sites\zavihrit\app\public/wp-content/litespeed/qc_curr_request508c75c8507a2ae5223dfd2faeb98122): Failed to open stream: No such file or directory in C:\Users\ANYA-PC\Local Sites\zavihrit\app\public\wp-content\plugins\litespeed-cache\src\cloud.cls.php on line 1159
[22-Jun-2025 19:08:29 UTC] PHP Stack trace:
[22-Jun-2025 19:08:29 UTC] PHP   1. {main}() C:\Users\ANYA-PC\Local Sites\zavihrit\app\public\wp-admin\plugins.php:0
[22-Jun-2025 19:08:29 UTC] PHP   2. require_once() C:\Users\ANYA-PC\Local Sites\zavihrit\app\public\wp-admin\plugins.php:637
[22-Jun-2025 19:08:29 UTC] PHP   3. do_action($hook_name = 'admin_notices') C:\Users\ANYA-PC\Local Sites\zavihrit\app\public\wp-admin\admin-header.php:313
[22-Jun-2025 19:08:29 UTC] PHP   4. WP_Hook->do_action($args = [0 => '']) C:\Users\ANYA-PC\Local Sites\zavihrit\app\public\wp-includes\plugin.php:517
[22-Jun-2025 19:08:29 UTC] PHP   5. WP_Hook->apply_filters($value = '', $args = [0 => '']) C:\Users\ANYA-PC\Local Sites\zavihrit\app\public\wp-includes\class-wp-hook.php:348
[22-Jun-2025 19:08:29 UTC] PHP   6. LiteSpeed\Admin_Display->display_messages('') C:\Users\ANYA-PC\Local Sites\zavihrit\app\public\wp-includes\class-wp-hook.php:324
[22-Jun-2025 19:08:29 UTC] PHP   7. LiteSpeed\Cloud->news() C:\Users\ANYA-PC\Local Sites\zavihrit\app\public\wp-content\plugins\litespeed-cache\src\admin-display.cls.php:557
[22-Jun-2025 19:08:29 UTC] PHP   8. LiteSpeed\Cloud->_update_news() C:\Users\ANYA-PC\Local Sites\zavihrit\app\public\wp-content\plugins\litespeed-cache\src\cloud.cls.php:772
[22-Jun-2025 19:08:29 UTC] PHP   9. LiteSpeed\Cloud::get($service = 'news', $data = *uninitialized*) C:\Users\ANYA-PC\Local Sites\zavihrit\app\public\wp-content\plugins\litespeed-cache\src\cloud.cls.php:797
[22-Jun-2025 19:08:29 UTC] PHP  10. LiteSpeed\Cloud->_get($service = 'news', $data = []) C:\Users\ANYA-PC\Local Sites\zavihrit\app\public\wp-content\plugins\litespeed-cache\src\cloud.cls.php:1117
[22-Jun-2025 19:08:29 UTC] PHP  11. file_put_contents($filename = 'C:\\Users\\ANYA-PC\\Local Sites\\zavihrit\\app\\public/wp-content/litespeed/qc_curr_request508c75c8507a2ae5223dfd2faeb98122', $data = 1750619309) C:\Users\ANYA-PC\Local Sites\zavihrit\app\public\wp-content\plugins\litespeed-cache\src\cloud.cls.php:1159
[22-Jun-2025 19:08:30 UTC] PHP Warning:  file_put_contents(C:\Users\ANYA-PC\Local Sites\zavihrit\app\public/wp-content/litespeed/qc_last_request508c75c8507a2ae5223dfd2faeb98122): Failed to open stream: No such file or directory in C:\Users\ANYA-PC\Local Sites\zavihrit\app\public\wp-content\plugins\litespeed-cache\src\cloud.cls.php on line 1506
[22-Jun-2025 19:08:30 UTC] PHP Stack trace:
[22-Jun-2025 19:08:30 UTC] PHP   1. {main}() C:\Users\ANYA-PC\Local Sites\zavihrit\app\public\wp-admin\plugins.php:0
[22-Jun-2025 19:08:30 UTC] PHP   2. require_once() C:\Users\ANYA-PC\Local Sites\zavihrit\app\public\wp-admin\plugins.php:637
[22-Jun-2025 19:08:30 UTC] PHP   3. do_action($hook_name = 'admin_notices') C:\Users\ANYA-PC\Local Sites\zavihrit\app\public\wp-admin\admin-header.php:313
[22-Jun-2025 19:08:30 UTC] PHP   4. WP_Hook->do_action($args = [0 => '']) C:\Users\ANYA-PC\Local Sites\zavihrit\app\public\wp-includes\plugin.php:517
[22-Jun-2025 19:08:30 UTC] PHP   5. WP_Hook->apply_filters($value = '', $args = [0 => '']) C:\Users\ANYA-PC\Local Sites\zavihrit\app\public\wp-includes\class-wp-hook.php:348
[22-Jun-2025 19:08:30 UTC] PHP   6. LiteSpeed\Admin_Display->display_messages('') C:\Users\ANYA-PC\Local Sites\zavihrit\app\public\wp-includes\class-wp-hook.php:324
[22-Jun-2025 19:08:30 UTC] PHP   7. LiteSpeed\Cloud->news() C:\Users\ANYA-PC\Local Sites\zavihrit\app\public\wp-content\plugins\litespeed-cache\src\admin-display.cls.php:557
[22-Jun-2025 19:08:30 UTC] PHP   8. LiteSpeed\Cloud->_update_news() C:\Users\ANYA-PC\Local Sites\zavihrit\app\public\wp-content\plugins\litespeed-cache\src\cloud.cls.php:772
[22-Jun-2025 19:08:30 UTC] PHP   9. LiteSpeed\Cloud::get($service = 'news', $data = *uninitialized*) C:\Users\ANYA-PC\Local Sites\zavihrit\app\public\wp-content\plugins\litespeed-cache\src\cloud.cls.php:797
[22-Jun-2025 19:08:30 UTC] PHP  10. LiteSpeed\Cloud->_get($service = 'news', $data = []) C:\Users\ANYA-PC\Local Sites\zavihrit\app\public\wp-content\plugins\litespeed-cache\src\cloud.cls.php:1117
[22-Jun-2025 19:08:30 UTC] PHP  11. LiteSpeed\Cloud->_parse_response($response = ['headers' => class WpOrg\Requests\Utility\CaseInsensitiveDictionary { protected $data = [...] }, 'body' => '{"_res":"ok"}', 'response' => ['code' => 200, 'message' => 'OK'], 'cookies' => [0 => class WP_Http_Cookie { ... }], 'filename' => NULL, 'http_response' => class WP_HTTP_Requests_Response { public $data = NULL; public $headers = NULL; public $status = NULL; protected $response = class WpOrg\Requests\Response { ... }; protected $filename = NULL }], $service = 'news', $service_tag = 'news', $server = 'https://wpapi.quic.cloud') C:\Users\ANYA-PC\Local Sites\zavihrit\app\public\wp-content\plugins\litespeed-cache\src\cloud.cls.php:1166
[22-Jun-2025 19:08:30 UTC] PHP  12. file_put_contents($filename = 'C:\\Users\\ANYA-PC\\Local Sites\\zavihrit\\app\\public/wp-content/litespeed/qc_last_request508c75c8507a2ae5223dfd2faeb98122', $data = 1750619309) C:\Users\ANYA-PC\Local Sites\zavihrit\app\public\wp-content\plugins\litespeed-cache\src\cloud.cls.php:1506
[22-Jun-2025 19:08:30 UTC] PHP Warning:  file_put_contents(C:\Users\ANYA-PC\Local Sites\zavihrit\app\public/wp-content/litespeed/qc_curr_request508c75c8507a2ae5223dfd2faeb98122): Failed to open stream: No such file or directory in C:\Users\ANYA-PC\Local Sites\zavihrit\app\public\wp-content\plugins\litespeed-cache\src\cloud.cls.php on line 1507
[22-Jun-2025 19:08:30 UTC] PHP Stack trace:
[22-Jun-2025 19:08:30 UTC] PHP   1. {main}() C:\Users\ANYA-PC\Local Sites\zavihrit\app\public\wp-admin\plugins.php:0
[22-Jun-2025 19:08:30 UTC] PHP   2. require_once() C:\Users\ANYA-PC\Local Sites\zavihrit\app\public\wp-admin\plugins.php:637
[22-Jun-2025 19:08:30 UTC] PHP   3. do_action($hook_name = 'admin_notices') C:\Users\ANYA-PC\Local Sites\zavihrit\app\public\wp-admin\admin-header.php:313
[22-Jun-2025 19:08:30 UTC] PHP   4. WP_Hook->do_action($args = [0 => '']) C:\Users\ANYA-PC\Local Sites\zavihrit\app\public\wp-includes\plugin.php:517
[22-Jun-2025 19:08:30 UTC] PHP   5. WP_Hook->apply_filters($value = '', $args = [0 => '']) C:\Users\ANYA-PC\Local Sites\zavihrit\app\public\wp-includes\class-wp-hook.php:348
[22-Jun-2025 19:08:30 UTC] PHP   6. LiteSpeed\Admin_Display->display_messages('') C:\Users\ANYA-PC\Local Sites\zavihrit\app\public\wp-includes\class-wp-hook.php:324
[22-Jun-2025 19:08:30 UTC] PHP   7. LiteSpeed\Cloud->news() C:\Users\ANYA-PC\Local Sites\zavihrit\app\public\wp-content\plugins\litespeed-cache\src\admin-display.cls.php:557
[22-Jun-2025 19:08:30 UTC] PHP   8. LiteSpeed\Cloud->_update_news() C:\Users\ANYA-PC\Local Sites\zavihrit\app\public\wp-content\plugins\litespeed-cache\src\cloud.cls.php:772
[22-Jun-2025 19:08:30 UTC] PHP   9. LiteSpeed\Cloud::get($service = 'news', $data = *uninitialized*) C:\Users\ANYA-PC\Local Sites\zavihrit\app\public\wp-content\plugins\litespeed-cache\src\cloud.cls.php:797
[22-Jun-2025 19:08:30 UTC] PHP  10. LiteSpeed\Cloud->_get($service = 'news', $data = []) C:\Users\ANYA-PC\Local Sites\zavihrit\app\public\wp-content\plugins\litespeed-cache\src\cloud.cls.php:1117
[22-Jun-2025 19:08:30 UTC] PHP  11. LiteSpeed\Cloud->_parse_response($response = ['headers' => class WpOrg\Requests\Utility\CaseInsensitiveDictionary { protected $data = [...] }, 'body' => '{"_res":"ok"}', 'response' => ['code' => 200, 'message' => 'OK'], 'cookies' => [0 => class WP_Http_Cookie { ... }], 'filename' => NULL, 'http_response' => class WP_HTTP_Requests_Response { public $data = NULL; public $headers = NULL; public $status = NULL; protected $response = class WpOrg\Requests\Response { ... }; protected $filename = NULL }], $service = 'news', $service_tag = 'news', $server = 'https://wpapi.quic.cloud') C:\Users\ANYA-PC\Local Sites\zavihrit\app\public\wp-content\plugins\litespeed-cache\src\cloud.cls.php:1166
[22-Jun-2025 19:08:30 UTC] PHP  12. file_put_contents($filename = 'C:\\Users\\ANYA-PC\\Local Sites\\zavihrit\\app\\public/wp-content/litespeed/qc_curr_request508c75c8507a2ae5223dfd2faeb98122', $data = 0) C:\Users\ANYA-PC\Local Sites\zavihrit\app\public\wp-content\plugins\litespeed-cache\src\cloud.cls.php:1507
